d:\cubase projects\etmstudio\signalizer\builds\visualstudio2010\signalizer\x64\release\commonsignalizer.obj
d:\cubase projects\etmstudio\signalizer\builds\visualstudio2010\signalizer\x64\release\signalizerdesign.obj
d:\cubase projects\etmstudio\signalizer\builds\visualstudio2010\signalizer\x64\release\oscilloscope.obj
d:\cubase projects\etmstudio\signalizer\builds\visualstudio2010\signalizer\x64\release\juce_data_structures.obj
d:\cubase projects\etmstudio\signalizer\builds\visualstudio2010\signalizer\x64\release\mixgraphlistener.obj
d:\cubase projects\etmstudio\signalizer\builds\visualstudio2010\signalizer\x64\release\grapheditor.obj
d:\cubase projects\etmstudio\signalizer\builds\visualstudio2010\signalizer\x64\release\cplsource.obj
d:\cubase projects\etmstudio\signalizer\builds\visualstudio2010\signalizer\x64\release\oscilloscoperendering.obj
d:\cubase projects\etmstudio\signalizer\builds\visualstudio2010\signalizer\x64\release\hostgraph.obj
d:\cubase projects\etmstudio\signalizer\builds\visualstudio2010\signalizer\x64\release\oscilloscopecontroller.obj
d:\cubase projects\etmstudio\signalizer\builds\visualstudio2010\signalizer\x64\release\juce_audio_formats.obj
d:\cubase projects\etmstudio\signalizer\builds\visualstudio2010\signalizer\x64\release\juce_aax_wrapper.obj
d:\cubase projects\etmstudio\signalizer\builds\visualstudio2010\signalizer\x64\release\vectorscope.obj
d:\cubase projects\etmstudio\signalizer\builds\visualstudio2010\signalizer\x64\release\maineditor.obj
d:\cubase projects\etmstudio\signalizer\builds\visualstudio2010\signalizer\x64\release\juce_audio_basics.obj
d:\cubase projects\etmstudio\signalizer\builds\visualstudio2010\signalizer\x64\release\juce_audio_processors.obj
d:\cubase projects\etmstudio\signalizer\builds\visualstudio2010\signalizer\x64\release\juce_audio_devices.obj
d:\cubase projects\etmstudio\signalizer\builds\visualstudio2010\signalizer\x64\release\juce_gui_extra.obj
d:\cubase projects\etmstudio\signalizer\builds\visualstudio2010\signalizer\x64\release\juce_events.obj
d:\cubase projects\etmstudio\signalizer\builds\visualstudio2010\signalizer\x64\release\juce_core.obj
d:\cubase projects\etmstudio\signalizer\builds\visualstudio2010\signalizer\x64\release\juce_graphics.obj
d:\cubase projects\etmstudio\signalizer\builds\visualstudio2010\signalizer\x64\release\juce_video.obj
d:\cubase projects\etmstudio\signalizer\builds\visualstudio2010\signalizer\x64\release\juce_pluginutilities.obj
d:\cubase projects\etmstudio\signalizer\builds\visualstudio2010\signalizer\x64\release\juce_cryptography.obj
d:\cubase projects\etmstudio\signalizer\builds\visualstudio2010\signalizer\x64\release\vectorscoperendering.obj
d:\cubase projects\etmstudio\signalizer\builds\visualstudio2010\signalizer\x64\release\juce_vst3_wrapper.obj
d:\cubase projects\etmstudio\signalizer\builds\visualstudio2010\signalizer\x64\release\juce_gui_basics.obj
d:\cubase projects\etmstudio\signalizer\builds\visualstudio2010\signalizer\x64\release\spectrum.obj
d:\cubase projects\etmstudio\signalizer\builds\visualstudio2010\signalizer\x64\release\juce_opengl.obj
d:\cubase projects\etmstudio\signalizer\builds\visualstudio2010\signalizer\x64\release\spectrumdsp.obj
d:\cubase projects\etmstudio\signalizer\builds\visualstudio2010\signalizer\x64\release\spectrumrendering.obj
d:\cubase projects\etmstudio\signalizer\builds\visualstudio2010\signalizer\x64\release\juce_vst_wrapper.obj
d:\cubase projects\etmstudio\signalizer\builds\visualstudio2010\signalizer\x64\release\vectorscopecontroller.obj
d:\cubase projects\etmstudio\signalizer\builds\visualstudio2010\signalizer\x64\release\spectrumcontroller.obj
d:\cubase projects\etmstudio\signalizer\builds\visualstudio2010\signalizer\x64\release\pluginprocessor.obj
d:\cubase projects\etmstudio\signalizer\builds\visualstudio2010\signalizer\x64\release\vc143.pdb
d:\cubase projects\etmstudio\signalizer\builds\visualstudio2010\signalizer\x64\release\juce_rtas_winutilities.obj
d:\cubase projects\etmstudio\signalizer\builds\visualstudio2010\signalizer\x64\release\juce_rtas_digicode3.obj
d:\cubase projects\etmstudio\signalizer\builds\visualstudio2010\signalizer\x64\release\juce_rtas_digicode1.obj
d:\cubase projects\etmstudio\signalizer\builds\visualstudio2010\signalizer\x64\release\juce_rtas_digicode2.obj
d:\cubase projects\etmstudio\signalizer\builds\visualstudio2010\signalizer\x64\release\juce_rtas_wrapper.obj
d:\cubase projects\etmstudio\signalizer\builds\visualstudio2010\signalizer\x64\release\resources.res
d:\cubase projects\etmstudio\signalizer\builds\visualstudio2010\x64\release\signalizer.dll
d:\cubase projects\etmstudio\signalizer\builds\visualstudio2010\signalizer\x64\release\signalizer.tlog\cl.34492.write.1.tlog
d:\cubase projects\etmstudio\signalizer\builds\visualstudio2010\signalizer\x64\release\signalizer.tlog\cl.command.1.tlog
d:\cubase projects\etmstudio\signalizer\builds\visualstudio2010\signalizer\x64\release\signalizer.tlog\cl.read.1.tlog
d:\cubase projects\etmstudio\signalizer\builds\visualstudio2010\signalizer\x64\release\signalizer.tlog\link.command.1.tlog
d:\cubase projects\etmstudio\signalizer\builds\visualstudio2010\signalizer\x64\release\signalizer.tlog\rc.command.1.tlog
d:\cubase projects\etmstudio\signalizer\builds\visualstudio2010\signalizer\x64\release\signalizer.tlog\rc.read.1.tlog
d:\cubase projects\etmstudio\signalizer\builds\visualstudio2010\signalizer\x64\release\signalizer.tlog\rc.write.1.tlog
